{"/Users/Shubham_MacbookPro/work related/Assignments/rea/src/scripts/modules/addRemoveProperty/addRemoveProperty.ts": {"path":"/Users/Shubham_MacbookPro/work related/Assignments/rea/src/scripts/modules/addRemoveProperty/addRemoveProperty.ts","statementMap":{"0":{"start":{"line":3,"column":0},"end":{"line":3,"column":68}},"1":{"start":{"line":4,"column":0},"end":{"line":4,"column":58}},"2":{"start":{"line":7,"column":0},"end":{"line":7,"column":73}},"3":{"start":{"line":8,"column":24},"end":{"line":8,"column":61}},"4":{"start":{"line":9,"column":13},"end":{"line":9,"column":66}},"5":{"start":{"line":10,"column":13},"end":{"line":10,"column":70}},"6":{"start":{"line":11,"column":11},"end":{"line":11,"column":39}},"7":{"start":{"line":12,"column":11},"end":{"line":12,"column":38}},"8":{"start":{"line":14,"column":35},"end":{"line":22,"column":1}},"9":{"start":{"line":16,"column":4},"end":{"line":16,"column":131}},"10":{"start":{"line":18,"column":4},"end":{"line":18,"column":142}},"11":{"start":{"line":19,"column":37},"end":{"line":19,"column":76}},"12":{"start":{"line":20,"column":4},"end":{"line":20,"column":81}},"13":{"start":{"line":21,"column":4},"end":{"line":21,"column":36}},"14":{"start":{"line":14,"column":13},"end":{"line":14,"column":35}}},"fnMap":{"0":{"name":"(anonymous_0)","decl":{"start":{"line":14,"column":35},"end":{"line":14,"column":36}},"loc":{"start":{"line":14,"column":54},"end":{"line":22,"column":1}}}},"branchMap":{"0":{"loc":{"start":{"line":16,"column":33},"end":{"line":16,"column":99}},"type":"cond-expr","locations":[{"start":{"line":16,"column":33},"end":{"line":16,"column":99}},{"start":{"line":16,"column":102},"end":{"line":16,"column":130}}]},"1":{"loc":{"start":{"line":18,"column":38},"end":{"line":18,"column":111}},"type":"cond-expr","locations":[{"start":{"line":18,"column":38},"end":{"line":18,"column":111}},{"start":{"line":18,"column":114},"end":{"line":18,"column":141}}]},"2":{"loc":{"start":{"line":21,"column":12},"end":{"line":21,"column":31}},"type":"cond-expr","locations":[{"start":{"line":21,"column":12},"end":{"line":21,"column":31}},{"start":{"line":21,"column":33},"end":{"line":21,"column":35}}]}},"s":{"0":1,"1":1,"2":1,"3":1,"4":1,"5":1,"6":1,"7":1,"8":1,"9":2,"10":2,"11":2,"12":2,"13":2,"14":1},"f":{"0":2},"b":{"0":[2,0],"1":[2,0],"2":[1,1]}}
,"/Users/Shubham_MacbookPro/work related/Assignments/rea/src/scripts/modules/buttonEventBinder/buttonEventBinder.ts": {"path":"/Users/Shubham_MacbookPro/work related/Assignments/rea/src/scripts/modules/buttonEventBinder/buttonEventBinder.ts","statementMap":{"0":{"start":{"line":3,"column":0},"end":{"line":3,"column":114}},"1":{"start":{"line":5,"column":33},"end":{"line":23,"column":1}},"2":{"start":{"line":6,"column":4},"end":{"line":22,"column":7}},"3":{"start":{"line":7,"column":8},"end":{"line":21,"column":11}},"4":{"start":{"line":8,"column":39},"end":{"line":8,"column":66}},"5":{"start":{"line":9,"column":31},"end":{"line":9,"column":61}},"6":{"start":{"line":10,"column":32},"end":{"line":10,"column":64}},"7":{"start":{"line":11,"column":12},"end":{"line":19,"column":null}},"8":{"start":{"line":12,"column":16},"end":{"line":14,"column":27}},"9":{"start":{"line":13,"column":20},"end":{"line":13,"column":54}},"10":{"start":{"line":16,"column":16},"end":{"line":18,"column":27}},"11":{"start":{"line":17,"column":20},"end":{"line":17,"column":54}},"12":{"start":{"line":20,"column":12},"end":{"line":20,"column":54}},"13":{"start":{"line":5,"column":13},"end":{"line":5,"column":33}}},"fnMap":{"0":{"name":"(anonymous_0)","decl":{"start":{"line":5,"column":33},"end":{"line":5,"column":36}},"loc":{"start":{"line":5,"column":38},"end":{"line":23,"column":1}}},"1":{"name":"(anonymous_1)","decl":{"start":{"line":6,"column":53},"end":{"line":6,"column":54}},"loc":{"start":{"line":6,"column":63},"end":{"line":22,"column":5}}},"2":{"name":"(anonymous_2)","decl":{"start":{"line":7,"column":41},"end":{"line":7,"column":42}},"loc":{"start":{"line":7,"column":62},"end":{"line":21,"column":9}}},"3":{"name":"(anonymous_3)","decl":{"start":{"line":12,"column":91},"end":{"line":12,"column":101}},"loc":{"start":{"line":12,"column":109},"end":{"line":14,"column":17}}},"4":{"name":"(anonymous_4)","decl":{"start":{"line":16,"column":96},"end":{"line":16,"column":106}},"loc":{"start":{"line":16,"column":114},"end":{"line":18,"column":17}}}},"branchMap":{"0":{"loc":{"start":{"line":11,"column":12},"end":{"line":19,"column":null}},"type":"if","locations":[{"start":{"line":11,"column":12},"end":{"line":19,"column":null}},{"start":{"line":11,"column":12},"end":{"line":19,"column":null}}]}},"s":{"0":1,"1":1,"2":2,"3":10,"4":1,"5":1,"6":1,"7":1,"8":1,"9":1,"10":0,"11":0,"12":1,"13":1},"f":{"0":2,"1":10,"2":1,"3":1,"4":0},"b":{"0":[1,0]}}
,"/Users/Shubham_MacbookPro/work related/Assignments/rea/src/scripts/modules/templateRenderer/templateRender.ts": {"path":"/Users/Shubham_MacbookPro/work related/Assignments/rea/src/scripts/modules/templateRenderer/templateRender.ts","statementMap":{"0":{"start":{"line":4,"column":32},"end":{"line":26,"column":1}},"1":{"start":{"line":5,"column":27},"end":{"line":5,"column":29}},"2":{"start":{"line":6,"column":35},"end":{"line":6,"column":37}},"3":{"start":{"line":7,"column":4},"end":{"line":24,"column":7}},"4":{"start":{"line":8,"column":8},"end":{"line":22,"column":10}},"5":{"start":{"line":23,"column":8},"end":{"line":23,"column":36}},"6":{"start":{"line":25,"column":4},"end":{"line":25,"column":46}},"7":{"start":{"line":4,"column":13},"end":{"line":4,"column":32}}},"fnMap":{"0":{"name":"(anonymous_0)","decl":{"start":{"line":4,"column":32},"end":{"line":4,"column":33}},"loc":{"start":{"line":4,"column":78},"end":{"line":26,"column":1}}},"1":{"name":"(anonymous_1)","decl":{"start":{"line":7,"column":21},"end":{"line":7,"column":22}},"loc":{"start":{"line":7,"column":30},"end":{"line":24,"column":5}}}},"branchMap":{},"s":{"0":1,"1":4,"2":4,"3":4,"4":8,"5":8,"6":4,"7":1},"f":{"0":4,"1":8},"b":{}}
}
