TN:
SF:src/scripts/modules/addRemoveProperty/addRemoveProperty.ts
FN:14,(anonymous_0)
FNF:1
FNH:1
FNDA:2,(anonymous_0)
DA:3,1
DA:4,1
DA:7,1
DA:8,1
DA:9,1
DA:10,1
DA:11,1
DA:12,1
DA:14,1
DA:16,2
DA:18,2
DA:19,2
DA:20,2
DA:21,2
LF:14
LH:14
BRDA:16,0,0,2
BRDA:16,0,1,0
BRDA:18,1,0,2
BRDA:18,1,1,0
BRDA:21,2,0,1
BRDA:21,2,1,1
BRF:6
BRH:4
end_of_record
TN:
SF:src/scripts/modules/buttonEventBinder/buttonEventBinder.ts
FN:5,(anonymous_0)
FN:6,(anonymous_1)
FN:7,(anonymous_2)
FN:12,(anonymous_3)
FN:16,(anonymous_4)
FNF:5
FNH:4
FNDA:2,(anonymous_0)
FNDA:10,(anonymous_1)
FNDA:1,(anonymous_2)
FNDA:1,(anonymous_3)
FNDA:0,(anonymous_4)
DA:3,1
DA:5,1
DA:6,2
DA:7,10
DA:8,1
DA:9,1
DA:10,1
DA:11,1
DA:12,1
DA:13,1
DA:16,0
DA:17,0
DA:20,1
LF:13
LH:11
BRDA:11,0,0,1
BRDA:11,0,1,0
BRF:2
BRH:1
end_of_record
TN:
SF:src/scripts/modules/templateRenderer/templateRender.ts
FN:4,(anonymous_0)
FN:7,(anonymous_1)
FNF:2
FNH:2
FNDA:4,(anonymous_0)
FNDA:8,(anonymous_1)
DA:4,1
DA:5,4
DA:6,4
DA:7,4
DA:8,8
DA:23,8
DA:25,4
LF:7
LH:7
BRF:0
BRH:0
end_of_record
